-------------------------------------------------------------------------------
Test set: ru.javawebinar.topjava.web.user.InMemoryAdminRestControllerSpringTest
-------------------------------------------------------------------------------
Tests run: 2, Failures: 0, Errors: 2, Skipped: 0, Time elapsed: 0.343 s <<< FAILURE! - in ru.javawebinar.topjava.web.user.InMemoryAdminRestControllerSpringTest
delete(ru.javawebinar.topjava.web.user.InMemoryAdminRestControllerSpringTest)  Time elapsed: 0 s  <<< ERROR!
org.springframework.beans.factory.UnsatisfiedDependencyException: Error creating bean with name 'ru.javawebinar.topjava.web.user.InMemoryAdminRestControllerSpringTest': Unsatisfied dependency expressed through field 'controller'; nested exception is org.springframework.beans.factory.NoSuchBeanDefinitionException: No qualifying bean of type 'ru.javawebinar.topjava.web.user.AdminRestController' available: expected at least 1 bean which qualifies as autowire candidate. Dependency annotations: {@org.springframework.beans.factory.annotation.Autowired(required=true)}
Caused by: org.springframework.beans.factory.NoSuchBeanDefinitionException: No qualifying bean of type 'ru.javawebinar.topjava.web.user.AdminRestController' available: expected at least 1 bean which qualifies as autowire candidate. Dependency annotations: {@org.springframework.beans.factory.annotation.Autowired(required=true)}

deleteNotFound(ru.javawebinar.topjava.web.user.InMemoryAdminRestControllerSpringTest)  Time elapsed: 0.015 s  <<< ERROR!
org.springframework.beans.factory.UnsatisfiedDependencyException: Error creating bean with name 'ru.javawebinar.topjava.web.user.InMemoryAdminRestControllerSpringTest': Unsatisfied dependency expressed through field 'controller'; nested exception is org.springframework.beans.factory.NoSuchBeanDefinitionException: No qualifying bean of type 'ru.javawebinar.topjava.web.user.AdminRestController' available: expected at least 1 bean which qualifies as autowire candidate. Dependency annotations: {@org.springframework.beans.factory.annotation.Autowired(required=true)}
Caused by: org.springframework.beans.factory.NoSuchBeanDefinitionException: No qualifying bean of type 'ru.javawebinar.topjava.web.user.AdminRestController' available: expected at least 1 bean which qualifies as autowire candidate. Dependency annotations: {@org.springframework.beans.factory.annotation.Autowired(required=true)}

