-------------------------------------------------------------------------------
Test set: ru.javawebinar.topjava.service.jdbc.JdbcUserServiceTest
-------------------------------------------------------------------------------
Tests run: 10, Failures: 0, Errors: 10, Skipped: 0, Time elapsed: 0.687 s <<< FAILURE! - in ru.javawebinar.topjava.service.jdbc.JdbcUserServiceTest
create(ru.javawebinar.topjava.service.jdbc.JdbcUserServiceTest)  Time elapsed: 0 s  <<< ERROR!
org.springframework.beans.factory.UnsatisfiedDependencyException: Error creating bean with name 'ru.javawebinar.topjava.service.jdbc.JdbcUserServiceTest': Unsatisfied dependency expressed through field 'jpaUtil'; nested exception is org.springframework.beans.factory.NoSuchBeanDefinitionException: No qualifying bean of type 'ru.javawebinar.topjava.repository.JpaUtil' available: expected at least 1 bean which qualifies as autowire candidate. Dependency annotations: {@org.springframework.beans.factory.annotation.Autowired(required=true)}
Caused by: org.springframework.beans.factory.NoSuchBeanDefinitionException: No qualifying bean of type 'ru.javawebinar.topjava.repository.JpaUtil' available: expected at least 1 bean which qualifies as autowire candidate. Dependency annotations: {@org.springframework.beans.factory.annotation.Autowired(required=true)}

delete(ru.javawebinar.topjava.service.jdbc.JdbcUserServiceTest)  Time elapsed: 0 s  <<< ERROR!
org.springframework.beans.factory.UnsatisfiedDependencyException: Error creating bean with name 'ru.javawebinar.topjava.service.jdbc.JdbcUserServiceTest': Unsatisfied dependency expressed through field 'jpaUtil'; nested exception is org.springframework.beans.factory.NoSuchBeanDefinitionException: No qualifying bean of type 'ru.javawebinar.topjava.repository.JpaUtil' available: expected at least 1 bean which qualifies as autowire candidate. Dependency annotations: {@org.springframework.beans.factory.annotation.Autowired(required=true)}
Caused by: org.springframework.beans.factory.NoSuchBeanDefinitionException: No qualifying bean of type 'ru.javawebinar.topjava.repository.JpaUtil' available: expected at least 1 bean which qualifies as autowire candidate. Dependency annotations: {@org.springframework.beans.factory.annotation.Autowired(required=true)}

getAll(ru.javawebinar.topjava.service.jdbc.JdbcUserServiceTest)  Time elapsed: 0 s  <<< ERROR!
org.springframework.beans.factory.UnsatisfiedDependencyException: Error creating bean with name 'ru.javawebinar.topjava.service.jdbc.JdbcUserServiceTest': Unsatisfied dependency expressed through field 'jpaUtil'; nested exception is org.springframework.beans.factory.NoSuchBeanDefinitionException: No qualifying bean of type 'ru.javawebinar.topjava.repository.JpaUtil' available: expected at least 1 bean which qualifies as autowire candidate. Dependency annotations: {@org.springframework.beans.factory.annotation.Autowired(required=true)}
Caused by: org.springframework.beans.factory.NoSuchBeanDefinitionException: No qualifying bean of type 'ru.javawebinar.topjava.repository.JpaUtil' available: expected at least 1 bean which qualifies as autowire candidate. Dependency annotations: {@org.springframework.beans.factory.annotation.Autowired(required=true)}

update(ru.javawebinar.topjava.service.jdbc.JdbcUserServiceTest)  Time elapsed: 0 s  <<< ERROR!
org.springframework.beans.factory.UnsatisfiedDependencyException: Error creating bean with name 'ru.javawebinar.topjava.service.jdbc.JdbcUserServiceTest': Unsatisfied dependency expressed through field 'jpaUtil'; nested exception is org.springframework.beans.factory.NoSuchBeanDefinitionException: No qualifying bean of type 'ru.javawebinar.topjava.repository.JpaUtil' available: expected at least 1 bean which qualifies as autowire candidate. Dependency annotations: {@org.springframework.beans.factory.annotation.Autowired(required=true)}
Caused by: org.springframework.beans.factory.NoSuchBeanDefinitionException: No qualifying bean of type 'ru.javawebinar.topjava.repository.JpaUtil' available: expected at least 1 bean which qualifies as autowire candidate. Dependency annotations: {@org.springframework.beans.factory.annotation.Autowired(required=true)}

testValidation(ru.javawebinar.topjava.service.jdbc.JdbcUserServiceTest)  Time elapsed: 0.031 s  <<< ERROR!
org.springframework.beans.factory.UnsatisfiedDependencyException: Error creating bean with name 'ru.javawebinar.topjava.service.jdbc.JdbcUserServiceTest': Unsatisfied dependency expressed through field 'jpaUtil'; nested exception is org.springframework.beans.factory.NoSuchBeanDefinitionException: No qualifying bean of type 'ru.javawebinar.topjava.repository.JpaUtil' available: expected at least 1 bean which qualifies as autowire candidate. Dependency annotations: {@org.springframework.beans.factory.annotation.Autowired(required=true)}
Caused by: org.springframework.beans.factory.NoSuchBeanDefinitionException: No qualifying bean of type 'ru.javawebinar.topjava.repository.JpaUtil' available: expected at least 1 bean which qualifies as autowire candidate. Dependency annotations: {@org.springframework.beans.factory.annotation.Autowired(required=true)}

getNotFound(ru.javawebinar.topjava.service.jdbc.JdbcUserServiceTest)  Time elapsed: 0 s  <<< ERROR!
org.springframework.beans.factory.UnsatisfiedDependencyException: Error creating bean with name 'ru.javawebinar.topjava.service.jdbc.JdbcUserServiceTest': Unsatisfied dependency expressed through field 'jpaUtil'; nested exception is org.springframework.beans.factory.NoSuchBeanDefinitionException: No qualifying bean of type 'ru.javawebinar.topjava.repository.JpaUtil' available: expected at least 1 bean which qualifies as autowire candidate. Dependency annotations: {@org.springframework.beans.factory.annotation.Autowired(required=true)}
Caused by: org.springframework.beans.factory.NoSuchBeanDefinitionException: No qualifying bean of type 'ru.javawebinar.topjava.repository.JpaUtil' available: expected at least 1 bean which qualifies as autowire candidate. Dependency annotations: {@org.springframework.beans.factory.annotation.Autowired(required=true)}

get(ru.javawebinar.topjava.service.jdbc.JdbcUserServiceTest)  Time elapsed: 0 s  <<< ERROR!
org.springframework.beans.factory.UnsatisfiedDependencyException: Error creating bean with name 'ru.javawebinar.topjava.service.jdbc.JdbcUserServiceTest': Unsatisfied dependency expressed through field 'jpaUtil'; nested exception is org.springframework.beans.factory.NoSuchBeanDefinitionException: No qualifying bean of type 'ru.javawebinar.topjava.repository.JpaUtil' available: expected at least 1 bean which qualifies as autowire candidate. Dependency annotations: {@org.springframework.beans.factory.annotation.Autowired(required=true)}
Caused by: org.springframework.beans.factory.NoSuchBeanDefinitionException: No qualifying bean of type 'ru.javawebinar.topjava.repository.JpaUtil' available: expected at least 1 bean which qualifies as autowire candidate. Dependency annotations: {@org.springframework.beans.factory.annotation.Autowired(required=true)}

deletedNotFound(ru.javawebinar.topjava.service.jdbc.JdbcUserServiceTest)  Time elapsed: 0 s  <<< ERROR!
org.springframework.beans.factory.UnsatisfiedDependencyException: Error creating bean with name 'ru.javawebinar.topjava.service.jdbc.JdbcUserServiceTest': Unsatisfied dependency expressed through field 'jpaUtil'; nested exception is org.springframework.beans.factory.NoSuchBeanDefinitionException: No qualifying bean of type 'ru.javawebinar.topjava.repository.JpaUtil' available: expected at least 1 bean which qualifies as autowire candidate. Dependency annotations: {@org.springframework.beans.factory.annotation.Autowired(required=true)}
Caused by: org.springframework.beans.factory.NoSuchBeanDefinitionException: No qualifying bean of type 'ru.javawebinar.topjava.repository.JpaUtil' available: expected at least 1 bean which qualifies as autowire candidate. Dependency annotations: {@org.springframework.beans.factory.annotation.Autowired(required=true)}

getByEmail(ru.javawebinar.topjava.service.jdbc.JdbcUserServiceTest)  Time elapsed: 0 s  <<< ERROR!
org.springframework.beans.factory.UnsatisfiedDependencyException: Error creating bean with name 'ru.javawebinar.topjava.service.jdbc.JdbcUserServiceTest': Unsatisfied dependency expressed through field 'jpaUtil'; nested exception is org.springframework.beans.factory.NoSuchBeanDefinitionException: No qualifying bean of type 'ru.javawebinar.topjava.repository.JpaUtil' available: expected at least 1 bean which qualifies as autowire candidate. Dependency annotations: {@org.springframework.beans.factory.annotation.Autowired(required=true)}
Caused by: org.springframework.beans.factory.NoSuchBeanDefinitionException: No qualifying bean of type 'ru.javawebinar.topjava.repository.JpaUtil' available: expected at least 1 bean which qualifies as autowire candidate. Dependency annotations: {@org.springframework.beans.factory.annotation.Autowired(required=true)}

duplicateMailCreate(ru.javawebinar.topjava.service.jdbc.JdbcUserServiceTest)  Time elapsed: 0 s  <<< ERROR!
org.springframework.beans.factory.UnsatisfiedDependencyException: Error creating bean with name 'ru.javawebinar.topjava.service.jdbc.JdbcUserServiceTest': Unsatisfied dependency expressed through field 'jpaUtil'; nested exception is org.springframework.beans.factory.NoSuchBeanDefinitionException: No qualifying bean of type 'ru.javawebinar.topjava.repository.JpaUtil' available: expected at least 1 bean which qualifies as autowire candidate. Dependency annotations: {@org.springframework.beans.factory.annotation.Autowired(required=true)}
Caused by: org.springframework.beans.factory.NoSuchBeanDefinitionException: No qualifying bean of type 'ru.javawebinar.topjava.repository.JpaUtil' available: expected at least 1 bean which qualifies as autowire candidate. Dependency annotations: {@org.springframework.beans.factory.annotation.Autowired(required=true)}

