-------------------------------------------------------------------------------
Test set: ru.javawebinar.topjava.service.jdbc.JdbcMealServiceTest
-------------------------------------------------------------------------------
Tests run: 12, Failures: 1, Errors: 0, Skipped: 0, Time elapsed: 1.843 s <<< FAILURE! - in ru.javawebinar.topjava.service.jdbc.JdbcMealServiceTest
testValidation(ru.javawebinar.topjava.service.jdbc.JdbcMealServiceTest)  Time elapsed: 0.032 s  <<< FAILURE!
java.lang.AssertionError: Expected javax.validation.ConstraintViolationException

